I, [2022-01-05T10:49:41.662021 #4933]  INFO -- default-centos-8: -----> Converging <default-centos-8>...
I, [2022-01-05T10:49:41.712120 #4933]  INFO -- default-centos-8: Preparing files for transfer
W, [2022-01-05T10:49:41.712220 #4933]  WARN -- default-centos-8: You must set your run_list in your Policyfile instead of kitchen config. The run_list in your config will be ignored.
W, [2022-01-05T10:49:41.712254 #4933]  WARN -- default-centos-8: Ignored run_list: ["recipe[mongo_db_setup::tomcat]"]
I, [2022-01-05T10:49:41.712402 #4933]  INFO -- default-centos-8: Installing cookbooks for Policyfile /root/chef-repo/cookbooks/mongo_db_setup/Policyfile.rb using `/opt/chef-workstation/bin/chef-cli install`
I, [2022-01-05T10:49:42.383847 #4933]  INFO -- default-centos-8: Installing cookbooks from lock
I, [2022-01-05T10:49:42.393431 #4933]  INFO -- default-centos-8: Installing mongo_db_setup 0.1.0
I, [2022-01-05T10:49:42.404794 #4933]  INFO -- default-centos-8: Preparing dna.json
I, [2022-01-05T10:49:42.405958 #4933]  INFO -- default-centos-8: Exporting cookbook dependencies from Policyfile /tmp/default-centos-8-sandbox-20220105-4933-qgp460 using `/opt/chef-workstation/bin/chef-cli export`...
I, [2022-01-05T10:49:44.154381 #4933]  INFO -- default-centos-8: Exported policy 'mongo_db_setup' to /tmp/default-centos-8-sandbox-20220105-4933-qgp460
I, [2022-01-05T10:49:44.154454 #4933]  INFO -- default-centos-8: 
I, [2022-01-05T10:49:44.154474 #4933]  INFO -- default-centos-8: To converge this system with the exported policy, run:
I, [2022-01-05T10:49:44.154492 #4933]  INFO -- default-centos-8:   cd /tmp/default-centos-8-sandbox-20220105-4933-qgp460
I, [2022-01-05T10:49:44.154507 #4933]  INFO -- default-centos-8:   chef-client -z
I, [2022-01-05T10:49:44.165083 #4933]  INFO -- default-centos-8: Removing non-cookbook files before transfer
I, [2022-01-05T10:49:44.165443 #4933]  INFO -- default-centos-8: Preparing validation.pem
I, [2022-01-05T10:49:44.165799 #4933]  INFO -- default-centos-8: Preparing client.rb
I, [2022-01-05T10:49:44.441840 #4933]  INFO -- default-centos-8: -----> Chef installation detected (install only if missing)
I, [2022-01-05T10:49:44.524530 #4933]  INFO -- default-centos-8: Transferring files to <default-centos-8>
I, [2022-01-05T10:49:49.271927 #4933]  INFO -- default-centos-8: Chef Infra Client, version 17.9.18
I, [2022-01-05T10:49:49.271988 #4933]  INFO -- default-centos-8: Patents: https://www.chef.io/patents
I, [2022-01-05T10:49:49.272004 #4933]  INFO -- default-centos-8: Infra Phase starting
I, [2022-01-05T10:49:52.091477 #4933]  INFO -- default-centos-8: Using Policyfile 'mongo_db_setup' at revision '611b5047d5140d27646277b6e95424bcdbc789844863aec70d03816dc360fc61'
I, [2022-01-05T10:49:52.095717 #4933]  INFO -- default-centos-8: Resolving cookbooks for run list: ["mongo_db_setup::default@0.1.0 (1bc0623)"]
I, [2022-01-05T10:49:52.112802 #4933]  INFO -- default-centos-8: Synchronizing cookbooks:
I, [2022-01-05T10:49:52.115772 #4933]  INFO -- default-centos-8:   - mongo_db_setup (0.1.0)
I, [2022-01-05T10:49:52.118910 #4933]  INFO -- default-centos-8: Installing cookbook gem dependencies:
I, [2022-01-05T10:49:52.118955 #4933]  INFO -- default-centos-8: Compiling cookbooks...
I, [2022-01-05T10:49:52.338344 #4933]  INFO -- default-centos-8: Loading Chef InSpec profile files:
I, [2022-01-05T10:49:52.338405 #4933]  INFO -- default-centos-8: Loading Chef InSpec input files:
I, [2022-01-05T10:49:52.338421 #4933]  INFO -- default-centos-8: Loading Chef InSpec waiver files:
I, [2022-01-05T10:49:52.372797 #4933]  INFO -- default-centos-8: Converging 12 resources
I, [2022-01-05T10:49:52.372870 #4933]  INFO -- default-centos-8: Recipe: mongo_db_setup::mongo_db
I, [2022-01-05T10:49:52.380817 #4933]  INFO -- default-centos-8:   * cookbook_file[/etc/yum.repos.d/mongodb-org.repo] action create (up to date)
I, [2022-01-05T10:49:54.295685 #4933]  INFO -- default-centos-8:   * dnf_package[mongodb-org] action install (up to date)
I, [2022-01-05T10:49:54.375949 #4933]  INFO -- default-centos-8:   * service[mongod] action enable (up to date)
I, [2022-01-05T10:49:54.396496 #4933]  INFO -- default-centos-8:   * service[mongod] action start (up to date)
I, [2022-01-05T10:49:54.396585 #4933]  INFO -- default-centos-8: Recipe: mongo_db_setup::tomcat
I, [2022-01-05T10:49:54.397894 #4933]  INFO -- default-centos-8:   * dnf_package[java-1.8.0-openjdk-headless] action install (up to date)
I, [2022-01-05T10:49:54.406026 #4933]  INFO -- default-centos-8:   * directory[/tmp/tomcat] action create (up to date)
I, [2022-01-05T10:49:55.784535 #4933]  INFO -- default-centos-8:   * remote_file[/tmp/tomcat/apache-tomcat-9.0.33.tar.gz] action create (up to date)
I, [2022-01-05T10:49:55.830789 #4933]  INFO -- default-centos-8:   * archive_file[/tmp/tomcat/apache-tomcat-9.0.33.tar.gz] action extract (up to date)
I, [2022-01-05T10:49:55.844202 #4933]  INFO -- default-centos-8:   * linux_user[tomcat] action create (up to date)
I, [2022-01-05T10:49:55.844290 #4933]  INFO -- default-centos-8:   * bash[Change owner] action run (skipped due to not_if)
I, [2022-01-05T10:49:55.852337 #4933]  INFO -- default-centos-8:   * cookbook_file[/etc/systemd/system/tomcat.service] action create (up to date)
I, [2022-01-05T10:49:55.852397 #4933]  INFO -- default-centos-8:   * bash[Reload daemon] action nothing (skipped due to action :nothing)
I, [2022-01-05T10:49:55.886862 #4933]  INFO -- default-centos-8:   * service[tomcat] action enable (up to date)
I, [2022-01-05T10:49:55.925658 #4933]  INFO -- default-centos-8:   * service[tomcat] action start (up to date)
I, [2022-01-05T10:49:56.034984 #4933]  INFO -- default-centos-8: 
I, [2022-01-05T10:49:56.035390 #4933]  INFO -- default-centos-8: Running handlers:
I, [2022-01-05T10:49:56.035456 #4933]  INFO -- default-centos-8: Running handlers complete
I, [2022-01-05T10:49:56.035474 #4933]  INFO -- default-centos-8: Infra Phase complete, 0/14 resources updated in 06 seconds
I, [2022-01-05T10:49:56.136047 #4933]  INFO -- default-centos-8: Downloading files from <default-centos-8>
I, [2022-01-05T10:49:56.137764 #4933]  INFO -- default-centos-8: Finished converging <default-centos-8> (0m14.48s).
